[35m[1mScanning dependencies of target occupancy_grid[0m
[  7%] [32mBuilding CXX object CMakeFiles/occupancy_grid.dir/src/occupancy_grid/occupancy_grid.cc.o[0m
[35m[1mScanning dependencies of target distance_grid[0m
[ 14%] [32mBuilding CXX object CMakeFiles/distance_grid.dir/src/distance_grid/distance_grid.cc.o[0m
[ 21%] [32m[1mLinking CXX shared library lib/liboccupancy_grid.so[0m
[ 21%] Built target occupancy_grid
[ 28%] [32m[1mLinking CXX shared library lib/libdistance_grid.so[0m
[ 28%] Built target distance_grid
[35m[1mScanning dependencies of target cost_grid[0m
[ 35%] [32mBuilding CXX object CMakeFiles/cost_grid.dir/src/cost_grid/cost_grid.cc.o[0m
[ 42%] [32m[1mLinking CXX shared library lib/libcost_grid.so[0m
[ 42%] Built target cost_grid
[35m[1mScanning dependencies of target global_mapper[0m
[ 50%] [32mBuilding CXX object CMakeFiles/global_mapper.dir/src/global_mapper/global_mapper.cc.o[0m
[ 57%] [32m[1mLinking CXX shared library lib/libglobal_mapper.so[0m
[ 57%] Built target global_mapper
[35m[1mScanning dependencies of target global_mapper_tests[0m
[ 64%] [32mBuilding CXX object CMakeFiles/global_mapper_tests.dir/test/distance_grid_tests.cc.o[0m
[ 71%] [32mBuilding CXX object CMakeFiles/global_mapper_tests.dir/test/cost_grid_tests.cc.o[0m
[ 78%] [32mBuilding CXX object CMakeFiles/global_mapper_tests.dir/test/voxel_grid_indexer_tests.cc.o[0m
[ 85%] [32mBuilding CXX object CMakeFiles/global_mapper_tests.dir/test/global_mapper_tests.cc.o[0m
[ 92%] [32mBuilding CXX object CMakeFiles/global_mapper_tests.dir/test/gtest/gtest-all.cc.o[0m
[100%] [32m[1mLinking CXX executable bin/global_mapper_tests[0m
[100%] Built target global_mapper_tests
