[ 14%] Built target occupancy_grid
[ 28%] Built target distance_grid
[ 42%] Built target cost_grid
[ 57%] Built target global_mapper
[100%] Built target global_mapper_tests
[36mInstall the project...[0m
-- Install configuration: "Release"
-- Up-to-date: /home/ros/agile_x/devel/lib/cmake/global_mapper/global_mapperConfig.cmake
-- Up-to-date: /home/ros/agile_x/devel/lib/cmake/global_mapper/global_mapperConfigVersion.cmake
-- Installing: /home/ros/agile_x/devel/lib/libglobal_mapper.so
-- Set runtime path of "/home/ros/agile_x/devel/lib/libglobal_mapper.so" to "/home/ros/agile_x/devel/lib"
-- Up-to-date: /home/ros/agile_x/devel/include/global_mapper
-- Up-to-date: /home/ros/agile_x/devel/include/global_mapper/planning_grids.h
-- Up-to-date: /home/ros/agile_x/devel/include/global_mapper/params.h
-- Up-to-date: /home/ros/agile_x/devel/include/global_mapper/global_mapper.h
-- Up-to-date: /home/ros/agile_x/devel/lib/liboccupancy_grid.so
-- Up-to-date: /home/ros/agile_x/devel/include/occupancy_grid
-- Up-to-date: /home/ros/agile_x/devel/include/occupancy_grid/occupancy_grid.h
-- Up-to-date: /home/ros/agile_x/devel/lib/libdistance_grid.so
-- Up-to-date: /home/ros/agile_x/devel/include/distance_grid
-- Up-to-date: /home/ros/agile_x/devel/include/distance_grid/distance_grid.h
-- Up-to-date: /home/ros/agile_x/devel/lib/libcost_grid.so
-- Up-to-date: /home/ros/agile_x/devel/include/cost_grid
-- Up-to-date: /home/ros/agile_x/devel/include/cost_grid/cost_grid.h
-- Up-to-date: /home/ros/agile_x/devel/include/voxel_grid
-- Up-to-date: /home/ros/agile_x/devel/include/voxel_grid/voxel_grid.h
-- Installing: /home/ros/agile_x/devel/bin/global_mapper_tests
-- Set runtime path of "/home/ros/agile_x/devel/bin/global_mapper_tests" to "/home/ros/agile_x/devel/lib"
