Determining if the pthread_create exist failed with the following output:
Change Dir: /home/ros/agile_x/build/scout_gazebo_sim/CMakeFiles/CMakeTmp

Run Build Command:"/usr/bin/make" "cmTC_c203e/fast"
/usr/bin/make -f CMakeFiles/cmTC_c203e.dir/build.make CMakeFiles/cmTC_c203e.dir/build
make[1]: Entering directory '/home/ros/agile_x/build/scout_gazebo_sim/CMakeFiles/CMakeTmp'
Building C object CMakeFiles/cmTC_c203e.dir/CheckSymbolExists.c.o
/usr/bin/cc    -o CMakeFiles/cmTC_c203e.dir/CheckSymbolExists.c.o   -c /home/ros/agile_x/build/scout_gazebo_sim/CMakeFiles/CMakeTmp/CheckSymbolExists.c
Linking C executable cmTC_c203e
/usr/bin/cmake -E cmake_link_script CMakeFiles/cmTC_c203e.dir/link.txt --verbose=1
/usr/bin/cc      -rdynamic CMakeFiles/cmTC_c203e.dir/CheckSymbolExists.c.o  -o cmTC_c203e 
CMakeFiles/cmTC_c203e.dir/CheckSymbolExists.c.o: In function `main':
CheckSymbolExists.c:(.text+0x1b): undefined reference to `pthread_create'
collect2: error: ld returned 1 exit status
CMakeFiles/cmTC_c203e.dir/build.make:97: recipe for target 'cmTC_c203e' failed
make[1]: *** [cmTC_c203e] Error 1
make[1]: Leaving directory '/home/ros/agile_x/build/scout_gazebo_sim/CMakeFiles/CMakeTmp'
Makefile:126: recipe for target 'cmTC_c203e/fast' failed
make: *** [cmTC_c203e/fast] Error 2

File /home/ros/agile_x/build/scout_gazebo_sim/CMakeFiles/CMakeTmp/CheckSymbolExists.c:
/* */
#include <pthread.h>

int main(int argc, char** argv)
{
  (void)argv;
#ifndef pthread_create
  return ((int*)(&pthread_create))[argc];
#else
  (void)argc;
  return 0;
#endif
}

Determining if the function pthread_create exists in the pthreads failed with the following output:
Change Dir: /home/ros/agile_x/build/scout_gazebo_sim/CMakeFiles/CMakeTmp

Run Build Command:"/usr/bin/make" "cmTC_cd49c/fast"
/usr/bin/make -f CMakeFiles/cmTC_cd49c.dir/build.make CMakeFiles/cmTC_cd49c.dir/build
make[1]: Entering directory '/home/ros/agile_x/build/scout_gazebo_sim/CMakeFiles/CMakeTmp'
Building C object CMakeFiles/cmTC_cd49c.dir/CheckFunctionExists.c.o
/usr/bin/cc   -DCHECK_FUNCTION_EXISTS=pthread_create   -o CMakeFiles/cmTC_cd49c.dir/CheckFunctionExists.c.o   -c /usr/share/cmake-3.10/Modules/CheckFunctionExists.c
Linking C executable cmTC_cd49c
/usr/bin/cmake -E cmake_link_script CMakeFiles/cmTC_cd49c.dir/link.txt --verbose=1
/usr/bin/cc  -DCHECK_FUNCTION_EXISTS=pthread_create    -rdynamic CMakeFiles/cmTC_cd49c.dir/CheckFunctionExists.c.o  -o cmTC_cd49c -lpthreads 
/usr/bin/ld: cannot find -lpthreads
collect2: error: ld returned 1 exit status
CMakeFiles/cmTC_cd49c.dir/build.make:97: recipe for target 'cmTC_cd49c' failed
make[1]: *** [cmTC_cd49c] Error 1
make[1]: Leaving directory '/home/ros/agile_x/build/scout_gazebo_sim/CMakeFiles/CMakeTmp'
Makefile:126: recipe for target 'cmTC_cd49c/fast' failed
make: *** [cmTC_cd49c/fast] Error 2


