Determining if the pthread_create exist failed with the following output:
Change Dir: /home/ros/agile_x/build/decomp_ros_utils/CMakeFiles/CMakeTmp

Run Build Command:"/usr/bin/make" "cmTC_9381b/fast"
/usr/bin/make -f CMakeFiles/cmTC_9381b.dir/build.make CMakeFiles/cmTC_9381b.dir/build
make[1]: Entering directory '/home/ros/agile_x/build/decomp_ros_utils/CMakeFiles/CMakeTmp'
Building C object CMakeFiles/cmTC_9381b.dir/CheckSymbolExists.c.o
/usr/bin/cc    -o CMakeFiles/cmTC_9381b.dir/CheckSymbolExists.c.o   -c /home/ros/agile_x/build/decomp_ros_utils/CMakeFiles/CMakeTmp/CheckSymbolExists.c
Linking C executable cmTC_9381b
/usr/bin/cmake -E cmake_link_script CMakeFiles/cmTC_9381b.dir/link.txt --verbose=1
/usr/bin/cc      -rdynamic CMakeFiles/cmTC_9381b.dir/CheckSymbolExists.c.o  -o cmTC_9381b 
CMakeFiles/cmTC_9381b.dir/CheckSymbolExists.c.o: In function `main':
CheckSymbolExists.c:(.text+0x1b): undefined reference to `pthread_create'
collect2: error: ld returned 1 exit status
CMakeFiles/cmTC_9381b.dir/build.make:97: recipe for target 'cmTC_9381b' failed
make[1]: *** [cmTC_9381b] Error 1
make[1]: Leaving directory '/home/ros/agile_x/build/decomp_ros_utils/CMakeFiles/CMakeTmp'
Makefile:126: recipe for target 'cmTC_9381b/fast' failed
make: *** [cmTC_9381b/fast] Error 2

File /home/ros/agile_x/build/decomp_ros_utils/CMakeFiles/CMakeTmp/CheckSymbolExists.c:
/* */
#include <pthread.h>

int main(int argc, char** argv)
{
  (void)argv;
#ifndef pthread_create
  return ((int*)(&pthread_create))[argc];
#else
  (void)argc;
  return 0;
#endif
}

Determining if the function pthread_create exists in the pthreads failed with the following output:
Change Dir: /home/ros/agile_x/build/decomp_ros_utils/CMakeFiles/CMakeTmp

Run Build Command:"/usr/bin/make" "cmTC_fbdbe/fast"
/usr/bin/make -f CMakeFiles/cmTC_fbdbe.dir/build.make CMakeFiles/cmTC_fbdbe.dir/build
make[1]: Entering directory '/home/ros/agile_x/build/decomp_ros_utils/CMakeFiles/CMakeTmp'
Building C object CMakeFiles/cmTC_fbdbe.dir/CheckFunctionExists.c.o
/usr/bin/cc   -DCHECK_FUNCTION_EXISTS=pthread_create   -o CMakeFiles/cmTC_fbdbe.dir/CheckFunctionExists.c.o   -c /usr/share/cmake-3.10/Modules/CheckFunctionExists.c
Linking C executable cmTC_fbdbe
/usr/bin/cmake -E cmake_link_script CMakeFiles/cmTC_fbdbe.dir/link.txt --verbose=1
/usr/bin/cc  -DCHECK_FUNCTION_EXISTS=pthread_create    -rdynamic CMakeFiles/cmTC_fbdbe.dir/CheckFunctionExists.c.o  -o cmTC_fbdbe -lpthreads 
/usr/bin/ld: cannot find -lpthreads
collect2: error: ld returned 1 exit status
CMakeFiles/cmTC_fbdbe.dir/build.make:97: recipe for target 'cmTC_fbdbe' failed
make[1]: *** [cmTC_fbdbe] Error 1
make[1]: Leaving directory '/home/ros/agile_x/build/decomp_ros_utils/CMakeFiles/CMakeTmp'
Makefile:126: recipe for target 'cmTC_fbdbe/fast' failed
make: *** [cmTC_fbdbe/fast] Error 2


