Determining if the pthread_create exist failed with the following output:
Change Dir: /home/ros/agile_x/build/multi_jackal_description/CMakeFiles/CMakeTmp

Run Build Command:"/usr/bin/make" "cmTC_fabce/fast"
/usr/bin/make -f CMakeFiles/cmTC_fabce.dir/build.make CMakeFiles/cmTC_fabce.dir/build
make[1]: Entering directory '/home/ros/agile_x/build/multi_jackal_description/CMakeFiles/CMakeTmp'
Building C object CMakeFiles/cmTC_fabce.dir/CheckSymbolExists.c.o
/usr/bin/cc    -o CMakeFiles/cmTC_fabce.dir/CheckSymbolExists.c.o   -c /home/ros/agile_x/build/multi_jackal_description/CMakeFiles/CMakeTmp/CheckSymbolExists.c
Linking C executable cmTC_fabce
/usr/bin/cmake -E cmake_link_script CMakeFiles/cmTC_fabce.dir/link.txt --verbose=1
/usr/bin/cc      -rdynamic CMakeFiles/cmTC_fabce.dir/CheckSymbolExists.c.o  -o cmTC_fabce 
CMakeFiles/cmTC_fabce.dir/CheckSymbolExists.c.o: In function `main':
CheckSymbolExists.c:(.text+0x1b): undefined reference to `pthread_create'
collect2: error: ld returned 1 exit status
CMakeFiles/cmTC_fabce.dir/build.make:97: recipe for target 'cmTC_fabce' failed
make[1]: *** [cmTC_fabce] Error 1
make[1]: Leaving directory '/home/ros/agile_x/build/multi_jackal_description/CMakeFiles/CMakeTmp'
Makefile:126: recipe for target 'cmTC_fabce/fast' failed
make: *** [cmTC_fabce/fast] Error 2

File /home/ros/agile_x/build/multi_jackal_description/CMakeFiles/CMakeTmp/CheckSymbolExists.c:
/* */
#include <pthread.h>

int main(int argc, char** argv)
{
  (void)argv;
#ifndef pthread_create
  return ((int*)(&pthread_create))[argc];
#else
  (void)argc;
  return 0;
#endif
}

Determining if the function pthread_create exists in the pthreads failed with the following output:
Change Dir: /home/ros/agile_x/build/multi_jackal_description/CMakeFiles/CMakeTmp

Run Build Command:"/usr/bin/make" "cmTC_e604e/fast"
/usr/bin/make -f CMakeFiles/cmTC_e604e.dir/build.make CMakeFiles/cmTC_e604e.dir/build
make[1]: Entering directory '/home/ros/agile_x/build/multi_jackal_description/CMakeFiles/CMakeTmp'
Building C object CMakeFiles/cmTC_e604e.dir/CheckFunctionExists.c.o
/usr/bin/cc   -DCHECK_FUNCTION_EXISTS=pthread_create   -o CMakeFiles/cmTC_e604e.dir/CheckFunctionExists.c.o   -c /usr/share/cmake-3.10/Modules/CheckFunctionExists.c
Linking C executable cmTC_e604e
/usr/bin/cmake -E cmake_link_script CMakeFiles/cmTC_e604e.dir/link.txt --verbose=1
/usr/bin/cc  -DCHECK_FUNCTION_EXISTS=pthread_create    -rdynamic CMakeFiles/cmTC_e604e.dir/CheckFunctionExists.c.o  -o cmTC_e604e -lpthreads 
/usr/bin/ld: cannot find -lpthreads
collect2: error: ld returned 1 exit status
CMakeFiles/cmTC_e604e.dir/build.make:97: recipe for target 'cmTC_e604e' failed
make[1]: *** [cmTC_e604e] Error 1
make[1]: Leaving directory '/home/ros/agile_x/build/multi_jackal_description/CMakeFiles/CMakeTmp'
Makefile:126: recipe for target 'cmTC_e604e/fast' failed
make: *** [cmTC_e604e/fast] Error 2


