[  0%] Built target std_msgs_generate_messages_lisp
[  0%] Built target geometry_msgs_generate_messages_lisp
[  0%] Built target geometry_msgs_generate_messages_cpp
[  0%] Built target std_msgs_generate_messages_cpp
[  0%] Built target geometry_msgs_generate_messages_eus
[  0%] Built target _faster_msgs_generate_messages_check_deps_Mode
[  0%] Built target std_msgs_generate_messages_py
[  0%] Built target geometry_msgs_generate_messages_py
[  0%] Built target std_msgs_generate_messages_eus
[  0%] Built target std_msgs_generate_messages_nodejs
[  0%] Built target geometry_msgs_generate_messages_nodejs
[ 14%] [34m[1mGenerating Lisp code from faster_msgs/Mode.msg[0m
[ 28%] [34m[1mGenerating C++ code from faster_msgs/Mode.msg[0m
[ 42%] [34m[1mGenerating EusLisp code from faster_msgs/Mode.msg[0m
[ 42%] Built target faster_msgs_generate_messages_lisp
[ 57%] [34m[1mGenerating Python from MSG faster_msgs/Mode[0m
[ 71%] Built target faster_msgs_generate_messages_eus
[ 85%] [34m[1mGenerating Javascript code from faster_msgs/Mode.msg[0m
[ 85%] Built target faster_msgs_generate_messages_cpp
[ 85%] Built target faster_msgs_generate_messages_nodejs
[100%] [34m[1mGenerating Python msg __init__.py for faster_msgs[0m
[100%] Built target faster_msgs_generate_messages_py
[100%] Built target faster_msgs_generate_messages
