[  0%] Built target _fla_msgs_generate_messages_check_deps_TelemString
[  0%] Built target _fla_msgs_generate_messages_check_deps_FlightEvent
[  0%] Built target _fla_msgs_generate_messages_check_deps_Detection
[  0%] Built target _fla_msgs_generate_messages_check_deps_FlightStateTransition
[  0%] Built target _fla_msgs_generate_messages_check_deps_JoyDef
[  0%] Built target _fla_msgs_generate_messages_check_deps_NodeStatus
[  0%] Built target std_msgs_generate_messages_cpp
[  0%] Built target _fla_msgs_generate_messages_check_deps_ControlMessage
[  0%] Built target nav_msgs_generate_messages_cpp
[  0%] Built target _fla_msgs_generate_messages_check_deps_ImageDetections
[  0%] Built target _fla_msgs_generate_messages_check_deps_WaypointList
[  0%] Built target geometry_msgs_generate_messages_cpp
[  0%] Built target _fla_msgs_generate_messages_check_deps_Latency
[  0%] Built target _fla_msgs_generate_messages_check_deps_FlightCommand
[  0%] Built target _fla_msgs_generate_messages_check_deps_NodeList
[  0%] Built target _fla_msgs_generate_messages_check_deps_Box
[  0%] Built target sensor_msgs_generate_messages_cpp
[  0%] Built target std_msgs_generate_messages_nodejs
[  0%] Built target _fla_msgs_generate_messages_check_deps_ProcessStatus
[  0%] Built target geometry_msgs_generate_messages_nodejs
[  0%] Built target nav_msgs_generate_messages_nodejs
[  0%] Built target sensor_msgs_generate_messages_nodejs
[  0%] Built target sensor_msgs_generate_messages_lisp
[  0%] Built target geometry_msgs_generate_messages_lisp
[  0%] Built target nav_msgs_generate_messages_lisp
[  0%] Built target std_msgs_generate_messages_lisp
[  0%] Built target std_msgs_generate_messages_eus
[  0%] Built target sensor_msgs_generate_messages_eus
[  0%] Built target geometry_msgs_generate_messages_eus
[  0%] Built target nav_msgs_generate_messages_eus
[  0%] Built target std_msgs_generate_messages_py
[  0%] Built target nav_msgs_generate_messages_py
[  0%] Built target geometry_msgs_generate_messages_py
[  1%] [34m[1mGenerating C++ code from fla_msgs/TelemString.msg[0m
[  1%] Built target sensor_msgs_generate_messages_py
[  2%] [34m[1mGenerating C++ code from fla_msgs/ImageDetections.msg[0m
[  4%] [34m[1mGenerating Lisp code from fla_msgs/ImageDetections.msg[0m
[  5%] [34m[1mGenerating Javascript code from fla_msgs/ImageDetections.msg[0m
[  6%] [34m[1mGenerating EusLisp code from fla_msgs/ImageDetections.msg[0m
[  8%] [34m[1mGenerating Python from MSG fla_msgs/ImageDetections[0m
[  9%] [34m[1mGenerating Lisp code from fla_msgs/TelemString.msg[0m
[ 11%] [34m[1mGenerating Javascript code from fla_msgs/TelemString.msg[0m
[ 12%] [34m[1mGenerating Lisp code from fla_msgs/Detection.msg[0m
[ 13%] [34m[1mGenerating EusLisp code from fla_msgs/TelemString.msg[0m
[ 15%] [34m[1mGenerating C++ code from fla_msgs/Detection.msg[0m
[ 16%] [34m[1mGenerating Python from MSG fla_msgs/TelemString[0m
[ 18%] [34m[1mGenerating Javascript code from fla_msgs/Detection.msg[0m
[ 19%] [34m[1mGenerating Lisp code from fla_msgs/WaypointList.msg[0m
[ 20%] [34m[1mGenerating Python from MSG fla_msgs/Detection[0m
[ 22%] [34m[1mGenerating EusLisp code from fla_msgs/Detection.msg[0m
[ 23%] [34m[1mGenerating EusLisp code from fla_msgs/WaypointList.msg[0m
[ 26%] [34m[1mGenerating Javascript code from fla_msgs/WaypointList.msg[0m
[ 26%] [34m[1mGenerating Lisp code from fla_msgs/FlightCommand.msg[0m
[ 27%] [34m[1mGenerating C++ code from fla_msgs/WaypointList.msg[0m
[ 29%] [34m[1mGenerating EusLisp code from fla_msgs/FlightCommand.msg[0m
[ 30%] [34m[1mGenerating EusLisp code from fla_msgs/Latency.msg[0m
[ 31%] [34m[1mGenerating Python from MSG fla_msgs/WaypointList[0m
[ 34%] [34m[1mGenerating Lisp code from fla_msgs/Latency.msg[0m
[ 34%] [34m[1mGenerating EusLisp code from fla_msgs/ControlMessage.msg[0m
[ 36%] [34m[1mGenerating Javascript code from fla_msgs/FlightCommand.msg[0m
[ 37%] [34m[1mGenerating EusLisp code from fla_msgs/JoyDef.msg[0m
[ 38%] [34m[1mGenerating Python from MSG fla_msgs/FlightCommand[0m
[ 40%] [34m[1mGenerating Python from MSG fla_msgs/Latency[0m
[ 41%] [34m[1mGenerating Lisp code from fla_msgs/ControlMessage.msg[0m
[ 43%] [34m[1mGenerating Javascript code from fla_msgs/Latency.msg[0m
[ 44%] [34m[1mGenerating EusLisp code from fla_msgs/NodeStatus.msg[0m
[ 45%] [34m[1mGenerating C++ code from fla_msgs/FlightCommand.msg[0m
[ 47%] [34m[1mGenerating EusLisp code from fla_msgs/FlightEvent.msg[0m
[ 48%] [34m[1mGenerating Lisp code from fla_msgs/JoyDef.msg[0m
[ 50%] [34m[1mGenerating Javascript code from fla_msgs/ControlMessage.msg[0m
[ 51%] [34m[1mGenerating EusLisp code from fla_msgs/Box.msg[0m
[ 52%] [34m[1mGenerating Lisp code from fla_msgs/NodeStatus.msg[0m
[ 54%] [34m[1mGenerating Javascript code from fla_msgs/JoyDef.msg[0m
[ 55%] [34m[1mGenerating Python from MSG fla_msgs/ControlMessage[0m
[ 56%] [34m[1mGenerating EusLisp code from fla_msgs/FlightStateTransition.msg[0m
[ 58%] [34m[1mGenerating Lisp code from fla_msgs/FlightEvent.msg[0m
[ 59%] [34m[1mGenerating Python from MSG fla_msgs/JoyDef[0m
[ 61%] [34m[1mGenerating EusLisp code from fla_msgs/NodeList.msg[0m
[ 62%] [34m[1mGenerating Javascript code from fla_msgs/NodeStatus.msg[0m
[ 63%] [34m[1mGenerating Lisp code from fla_msgs/Box.msg[0m
[ 65%] [34m[1mGenerating C++ code from fla_msgs/Latency.msg[0m
[ 66%] [34m[1mGenerating EusLisp code from fla_msgs/ProcessStatus.msg[0m
[ 68%] [34m[1mGenerating Javascript code from fla_msgs/FlightEvent.msg[0m
[ 69%] [34m[1mGenerating Lisp code from fla_msgs/FlightStateTransition.msg[0m
[ 70%] [34m[1mGenerating Lisp code from fla_msgs/NodeList.msg[0m
[ 72%] [34m[1mGenerating Python from MSG fla_msgs/NodeStatus[0m
[ 73%] [34m[1mGenerating Javascript code from fla_msgs/Box.msg[0m
[ 75%] [34m[1mGenerating Python from MSG fla_msgs/FlightEvent[0m
[ 76%] [34m[1mGenerating Lisp code from fla_msgs/ProcessStatus.msg[0m
[ 77%] Built target fla_msgs_generate_messages_eus
[ 79%] [34m[1mGenerating Javascript code from fla_msgs/FlightStateTransition.msg[0m
[ 80%] [34m[1mGenerating C++ code from fla_msgs/ControlMessage.msg[0m
[ 81%] [34m[1mGenerating C++ code from fla_msgs/JoyDef.msg[0m
[ 83%] [34m[1mGenerating Javascript code from fla_msgs/NodeList.msg[0m
[ 83%] Built target fla_msgs_generate_messages_lisp
[ 84%] [34m[1mGenerating Javascript code from fla_msgs/ProcessStatus.msg[0m
[ 86%] [34m[1mGenerating Python from MSG fla_msgs/Box[0m
[ 86%] Built target fla_msgs_generate_messages_nodejs
[ 87%] [34m[1mGenerating C++ code from fla_msgs/FlightEvent.msg[0m
[ 88%] [34m[1mGenerating C++ code from fla_msgs/NodeStatus.msg[0m
[ 90%] [34m[1mGenerating Python from MSG fla_msgs/FlightStateTransition[0m
[ 91%] [34m[1mGenerating Python from MSG fla_msgs/NodeList[0m
[ 93%] [34m[1mGenerating C++ code from fla_msgs/Box.msg[0m
[ 94%] [34m[1mGenerating Python from MSG fla_msgs/ProcessStatus[0m
[ 95%] [34m[1mGenerating C++ code from fla_msgs/FlightStateTransition.msg[0m
[ 97%] [34m[1mGenerating C++ code from fla_msgs/NodeList.msg[0m
[ 98%] [34m[1mGenerating C++ code from fla_msgs/ProcessStatus.msg[0m
[100%] [34m[1mGenerating Python msg __init__.py for fla_msgs[0m
[100%] Built target fla_msgs_generate_messages_cpp
[100%] Built target fla_msgs_generate_messages_py
[100%] Built target fla_msgs_generate_messages
