In file included from [01m[K/home/ros/agile_x/src/acl-mapping/global-mapper/global_mapper_ros/src/global_mapper_ros/global_mapper_ros.h:12:0[m[K,
                 from [01m[K/home/ros/agile_x/src/acl-mapping/global-mapper/global_mapper_ros/src/global_mapper_ros/global_mapper_ros.cc:26[m[K:
[01m[K/opt/ros/melodic/include/pcl_ros/point_cloud.h:303:27:[m[K [01;35m[Kwarning: [m[Kvariable templates only available with -std=c++14 or -std=gnu++14
     constexpr static bool [01;35m[Kpcl_uses_boost[m[K = true;
                           [01;35m[K^~~~~~~~~~~~~~[m[K
[01m[K/home/ros/agile_x/src/acl-mapping/global-mapper/global_mapper_ros/src/global_mapper_ros/global_mapper_ros.cc:[m[K In member function ‘[01m[Kvoid global_mapper_ros::GlobalMapperRos::VelodyneCallback(const ConstPtr&)[m[K’:
[01m[K/home/ros/agile_x/src/acl-mapping/global-mapper/global_mapper_ros/src/global_mapper_ros/global_mapper_ros.cc:648:43:[m[K [01;31m[Kerror: [m[Kno matching function for call to ‘[01m[KtoROSMsg(pcl::PointCloud<pcl::PointXYZI>&, const sensor_msgs::PointCloud2_<std::allocator<void> >&)[m[K’
   pcl::toROSMsg(world_cloud, *velodyne_msg[01;31m[K)[m[K;
                                           [01;31m[K^[m[K
In file included from [01m[K/opt/ros/melodic/include/pcl_ros/point_cloud.h:9:0[m[K,
                 from [01m[K/home/ros/agile_x/src/acl-mapping/global-mapper/global_mapper_ros/src/global_mapper_ros/global_mapper_ros.h:12[m[K,
                 from [01m[K/home/ros/agile_x/src/acl-mapping/global-mapper/global_mapper_ros/src/global_mapper_ros/global_mapper_ros.cc:26[m[K:
[01m[K/opt/ros/melodic/include/pcl_conversions/pcl_conversions.h:501:8:[m[K [01;36m[Knote: [m[Kcandidate: void pcl::toROSMsg(const PointCloud2&, sensor_msgs::Image&)
   void [01;36m[KtoROSMsg[m[K(const sensor_msgs::PointCloud2 &cloud, sensor_msgs::Image &image)
        [01;36m[K^~~~~~~~[m[K
[01m[K/opt/ros/melodic/include/pcl_conversions/pcl_conversions.h:501:8:[m[K [01;36m[Knote: [m[K  no known conversion for argument 1 from ‘[01m[Kpcl::PointCloud<pcl::PointXYZI>[m[K’ to ‘[01m[Kconst PointCloud2& {aka const sensor_msgs::PointCloud2_<std::allocator<void> >&}[m[K’
[01m[K/opt/ros/melodic/include/pcl_conversions/pcl_conversions.h:521:3:[m[K [01;36m[Knote: [m[Kcandidate: template<class T> void pcl::toROSMsg(const pcl::PointCloud<PointT>&, sensor_msgs::Image&)
   [01;36m[KtoROSMsg[m[K (const pcl::PointCloud<T> &cloud, sensor_msgs::Image& msg)
   [01;36m[K^~~~~~~~[m[K
[01m[K/opt/ros/melodic/include/pcl_conversions/pcl_conversions.h:521:3:[m[K [01;36m[Knote: [m[K  template argument deduction/substitution failed:
[01m[K/home/ros/agile_x/src/acl-mapping/global-mapper/global_mapper_ros/src/global_mapper_ros/global_mapper_ros.cc:648:30:[m[K [01;36m[Knote: [m[K  cannot convert ‘[01m[K(& velodyne_msg)->boost::shared_ptr<const sensor_msgs::PointCloud2_<std::allocator<void> > >::operator*()[m[K’ (type ‘[01m[Kconst sensor_msgs::PointCloud2_<std::allocator<void> >[m[K’) to type ‘[01m[Ksensor_msgs::Image& {aka sensor_msgs::Image_<std::allocator<void> >&}[m[K’
   pcl::toROSMsg(world_cloud, [01;36m[K*velodyne_msg[m[K);
                              [01;36m[K^~~~~~~~~~~~~[m[K
In file included from [01m[K/opt/ros/melodic/include/pcl_ros/point_cloud.h:9:0[m[K,
                 from [01m[K/home/ros/agile_x/src/acl-mapping/global-mapper/global_mapper_ros/src/global_mapper_ros/global_mapper_ros.h:12[m[K,
                 from [01m[K/home/ros/agile_x/src/acl-mapping/global-mapper/global_mapper_ros/src/global_mapper_ros/global_mapper_ros.cc:26[m[K:
[01m[K/opt/ros/melodic/include/pcl_conversions/pcl_conversions.h:553:8:[m[K [01;36m[Knote: [m[Kcandidate: template<class T> void pcl::toROSMsg(const pcl::PointCloud<PointT>&, sensor_msgs::PointCloud2&)
   void [01;36m[KtoROSMsg[m[K(const pcl::PointCloud<T> &pcl_cloud, sensor_msgs::PointCloud2 &cloud)
        [01;36m[K^~~~~~~~[m[K
[01m[K/opt/ros/melodic/include/pcl_conversions/pcl_conversions.h:553:8:[m[K [01;36m[Knote: [m[K  template argument deduction/substitution failed:
[01m[K/home/ros/agile_x/src/acl-mapping/global-mapper/global_mapper_ros/src/global_mapper_ros/global_mapper_ros.cc:648:30:[m[K [01;36m[Knote: [m[K  cannot convert ‘[01m[K(& velodyne_msg)->boost::shared_ptr<const sensor_msgs::PointCloud2_<std::allocator<void> > >::operator*()[m[K’ (type ‘[01m[Kconst sensor_msgs::PointCloud2_<std::allocator<void> >[m[K’) to type ‘[01m[Ksensor_msgs::PointCloud2& {aka sensor_msgs::PointCloud2_<std::allocator<void> >&}[m[K’
   pcl::toROSMsg(world_cloud, [01;36m[K*velodyne_msg[m[K);
                              [01;36m[K^~~~~~~~~~~~~[m[K
make[2]: *** [CMakeFiles/global_mapper_ros.dir/src/global_mapper_ros/global_mapper_ros.cc.o] Error 1
make[1]: *** [CMakeFiles/global_mapper_ros.dir/all] Error 2
make: *** [all] Error 2
