[  0%] Built target std_msgs_generate_messages_cpp
[  0%] Built target std_msgs_generate_messages_py
[  0%] Built target std_msgs_generate_messages_nodejs
[  0%] Built target std_msgs_generate_messages_lisp
[  0%] Built target _global_mapper_ros_generate_messages_check_deps_PlanningGrids
[  0%] Built target std_msgs_generate_messages_eus
[  7%] Built target global_mapper_ros_generate_messages_cpp
[ 23%] Built target global_mapper_ros_generate_messages_py
[ 30%] Built target global_mapper_ros_generate_messages_nodejs
[ 46%] Built target global_mapper_ros_generate_messages_eus
[ 53%] Built target global_mapper_ros_generate_messages_lisp
[35m[1mScanning dependencies of target global_mapper_ros[0m
[ 53%] Built target global_mapper_ros_generate_messages
[ 61%] [32mBuilding CXX object CMakeFiles/global_mapper_ros.dir/src/global_mapper_ros/global_mapper_ros.cc.o[0m
In file included from [01m[K/home/ros/agile_x/src/acl-mapping/global-mapper/global_mapper_ros/src/global_mapper_ros/global_mapper_ros.h:12:0[m[K,
                 from [01m[K/home/ros/agile_x/src/acl-mapping/global-mapper/global_mapper_ros/src/global_mapper_ros/global_mapper_ros.cc:26[m[K:
[01m[K/opt/ros/melodic/include/pcl_ros/point_cloud.h:303:27:[m[K [01;35m[Kwarning: [m[Kvariable templates only available with -std=c++14 or -std=gnu++14
     constexpr static bool [01;35m[Kpcl_uses_boost[m[K = true;
                           [01;35m[K^~~~~~~~~~~~~~[m[K
[ 69%] [32m[1mLinking CXX shared library /home/ros/agile_x/devel/.private/global_mapper_ros/lib/libglobal_mapper_ros.so[0m
[ 69%] Built target global_mapper_ros
[ 84%] [32m[1mLinking CXX executable /home/ros/agile_x/devel/.private/global_mapper_ros/lib/global_mapper_ros/global_mapper_node[0m
[ 84%] [32m[1mLinking CXX shared library /home/ros/agile_x/devel/.private/global_mapper_ros/lib/libglobal_mapper_nodelet.so[0m
[ 92%] Built target global_mapper_nodelet
[100%] Built target global_mapper_node
