[35m[1mScanning dependencies of target pointcloud_filter[0m
[ 25%] [32mBuilding CXX object CMakeFiles/pointcloud_filter.dir/src/pointcloud_filter.cpp.o[0m
[35m[1mScanning dependencies of target floor_removal[0m
[ 50%] [32mBuilding CXX object CMakeFiles/floor_removal.dir/src/floor_removal.cpp.o[0m
In file included from [01m[K/home/ros/agile_x/src/agilex_scout_mini/src/floor_removal.cpp:8:0[m[K:
[01m[K/opt/ros/melodic/include/pcl_ros/point_cloud.h:303:27:[m[K [01;35m[Kwarning: [m[Kvariable templates only available with -std=c++14 or -std=gnu++14
     constexpr static bool [01;35m[Kpcl_uses_boost[m[K = true;
                           [01;35m[K^~~~~~~~~~~~~~[m[K
In file included from [01m[K/home/ros/agile_x/src/agilex_scout_mini/src/pointcloud_filter.cpp:8:0[m[K:
[01m[K/opt/ros/melodic/include/pcl_ros/point_cloud.h:303:27:[m[K [01;35m[Kwarning: [m[Kvariable templates only available with -std=c++14 or -std=gnu++14
     constexpr static bool [01;35m[Kpcl_uses_boost[m[K = true;
                           [01;35m[K^~~~~~~~~~~~~~[m[K
In file included from [01m[K/usr/include/pcl-1.8/pcl/sample_consensus/sac_model.h:52:0[m[K,
                 from [01m[K/usr/include/pcl-1.8/pcl/sample_consensus/sac.h:45[m[K,
                 from [01m[K/usr/include/pcl-1.8/pcl/segmentation/sac_segmentation.h:49[m[K,
                 from [01m[K/home/ros/agile_x/src/agilex_scout_mini/src/floor_removal.cpp:13[m[K:
[01m[K/usr/include/pcl-1.8/pcl/sample_consensus/model_types.h:[m[K In function ‘[01m[Kvoid __static_initialization_and_destruction_0(int, int)[m[K’:
[01m[K/usr/include/pcl-1.8/pcl/sample_consensus/model_types.h:99:3:[m[K [01;35m[Kwarning: [m[K‘[01m[Kpcl::SAC_SAMPLE_SIZE[m[K’ is deprecated: This map is deprecated and is kept only to prevent breaking existing user code. Starting from PCL 1.8.0 model sample size is a protected member of the SampleConsensusModel class [[01;35m[K-Wdeprecated-declarations[m[K]
   [01;35m[KSAC_SAMPLE_SIZE[m[K (sample_size_pairs, sample_size_pairs + sizeof (sample_size_pairs) / sizeof (SampleSizeModel));
   [01;35m[K^~~~~~~~~~~~~~~[m[K
[01m[K/usr/include/pcl-1.8/pcl/sample_consensus/model_types.h:99:3:[m[K [01;36m[Knote: [m[Kdeclared here
[ 75%] [32m[1mLinking CXX executable /home/ros/agile_x/devel/.private/agilex_scout_mini/lib/agilex_scout_mini/floor_removal[0m
[100%] [32m[1mLinking CXX executable /home/ros/agile_x/devel/.private/agilex_scout_mini/lib/agilex_scout_mini/pointcloud_filter[0m
[100%] Built target floor_removal
[100%] Built target pointcloud_filter
