Determining if the pthread_create exist failed with the following output:
Change Dir: /home/ros/agile_x/build/global_mapper/CMakeFiles/CMakeTmp

Run Build Command:"/usr/bin/make" "cmTC_93c36/fast"
/usr/bin/make -f CMakeFiles/cmTC_93c36.dir/build.make CMakeFiles/cmTC_93c36.dir/build
make[1]: Entering directory '/home/ros/agile_x/build/global_mapper/CMakeFiles/CMakeTmp'
Building C object CMakeFiles/cmTC_93c36.dir/CheckSymbolExists.c.o
/usr/bin/cc    -o CMakeFiles/cmTC_93c36.dir/CheckSymbolExists.c.o   -c /home/ros/agile_x/build/global_mapper/CMakeFiles/CMakeTmp/CheckSymbolExists.c
Linking C executable cmTC_93c36
/usr/bin/cmake -E cmake_link_script CMakeFiles/cmTC_93c36.dir/link.txt --verbose=1
/usr/bin/cc      -rdynamic CMakeFiles/cmTC_93c36.dir/CheckSymbolExists.c.o  -o cmTC_93c36 
CMakeFiles/cmTC_93c36.dir/CheckSymbolExists.c.o: In function `main':
CheckSymbolExists.c:(.text+0x1b): undefined reference to `pthread_create'
collect2: error: ld returned 1 exit status
CMakeFiles/cmTC_93c36.dir/build.make:97: recipe for target 'cmTC_93c36' failed
make[1]: *** [cmTC_93c36] Error 1
make[1]: Leaving directory '/home/ros/agile_x/build/global_mapper/CMakeFiles/CMakeTmp'
Makefile:126: recipe for target 'cmTC_93c36/fast' failed
make: *** [cmTC_93c36/fast] Error 2

File /home/ros/agile_x/build/global_mapper/CMakeFiles/CMakeTmp/CheckSymbolExists.c:
/* */
#include <pthread.h>

int main(int argc, char** argv)
{
  (void)argv;
#ifndef pthread_create
  return ((int*)(&pthread_create))[argc];
#else
  (void)argc;
  return 0;
#endif
}

Determining if the function pthread_create exists in the pthreads failed with the following output:
Change Dir: /home/ros/agile_x/build/global_mapper/CMakeFiles/CMakeTmp

Run Build Command:"/usr/bin/make" "cmTC_4490f/fast"
/usr/bin/make -f CMakeFiles/cmTC_4490f.dir/build.make CMakeFiles/cmTC_4490f.dir/build
make[1]: Entering directory '/home/ros/agile_x/build/global_mapper/CMakeFiles/CMakeTmp'
Building C object CMakeFiles/cmTC_4490f.dir/CheckFunctionExists.c.o
/usr/bin/cc   -DCHECK_FUNCTION_EXISTS=pthread_create   -o CMakeFiles/cmTC_4490f.dir/CheckFunctionExists.c.o   -c /usr/share/cmake-3.10/Modules/CheckFunctionExists.c
Linking C executable cmTC_4490f
/usr/bin/cmake -E cmake_link_script CMakeFiles/cmTC_4490f.dir/link.txt --verbose=1
/usr/bin/cc  -DCHECK_FUNCTION_EXISTS=pthread_create    -rdynamic CMakeFiles/cmTC_4490f.dir/CheckFunctionExists.c.o  -o cmTC_4490f -lpthreads 
/usr/bin/ld: cannot find -lpthreads
collect2: error: ld returned 1 exit status
CMakeFiles/cmTC_4490f.dir/build.make:97: recipe for target 'cmTC_4490f' failed
make[1]: *** [cmTC_4490f] Error 1
make[1]: Leaving directory '/home/ros/agile_x/build/global_mapper/CMakeFiles/CMakeTmp'
Makefile:126: recipe for target 'cmTC_4490f/fast' failed
make: *** [cmTC_4490f/fast] Error 2


