Determining if the pthread_create exist failed with the following output:
Change Dir: /home/ros/agile_x/build/multi_jackal_nav/CMakeFiles/CMakeTmp

Run Build Command:"/usr/bin/make" "cmTC_9dcf4/fast"
/usr/bin/make -f CMakeFiles/cmTC_9dcf4.dir/build.make CMakeFiles/cmTC_9dcf4.dir/build
make[1]: Entering directory '/home/ros/agile_x/build/multi_jackal_nav/CMakeFiles/CMakeTmp'
Building C object CMakeFiles/cmTC_9dcf4.dir/CheckSymbolExists.c.o
/usr/bin/cc    -o CMakeFiles/cmTC_9dcf4.dir/CheckSymbolExists.c.o   -c /home/ros/agile_x/build/multi_jackal_nav/CMakeFiles/CMakeTmp/CheckSymbolExists.c
Linking C executable cmTC_9dcf4
/usr/bin/cmake -E cmake_link_script CMakeFiles/cmTC_9dcf4.dir/link.txt --verbose=1
/usr/bin/cc      -rdynamic CMakeFiles/cmTC_9dcf4.dir/CheckSymbolExists.c.o  -o cmTC_9dcf4 
CMakeFiles/cmTC_9dcf4.dir/CheckSymbolExists.c.o: In function `main':
CheckSymbolExists.c:(.text+0x1b): undefined reference to `pthread_create'
collect2: error: ld returned 1 exit status
CMakeFiles/cmTC_9dcf4.dir/build.make:97: recipe for target 'cmTC_9dcf4' failed
make[1]: *** [cmTC_9dcf4] Error 1
make[1]: Leaving directory '/home/ros/agile_x/build/multi_jackal_nav/CMakeFiles/CMakeTmp'
Makefile:126: recipe for target 'cmTC_9dcf4/fast' failed
make: *** [cmTC_9dcf4/fast] Error 2

File /home/ros/agile_x/build/multi_jackal_nav/CMakeFiles/CMakeTmp/CheckSymbolExists.c:
/* */
#include <pthread.h>

int main(int argc, char** argv)
{
  (void)argv;
#ifndef pthread_create
  return ((int*)(&pthread_create))[argc];
#else
  (void)argc;
  return 0;
#endif
}

Determining if the function pthread_create exists in the pthreads failed with the following output:
Change Dir: /home/ros/agile_x/build/multi_jackal_nav/CMakeFiles/CMakeTmp

Run Build Command:"/usr/bin/make" "cmTC_62199/fast"
/usr/bin/make -f CMakeFiles/cmTC_62199.dir/build.make CMakeFiles/cmTC_62199.dir/build
make[1]: Entering directory '/home/ros/agile_x/build/multi_jackal_nav/CMakeFiles/CMakeTmp'
Building C object CMakeFiles/cmTC_62199.dir/CheckFunctionExists.c.o
/usr/bin/cc   -DCHECK_FUNCTION_EXISTS=pthread_create   -o CMakeFiles/cmTC_62199.dir/CheckFunctionExists.c.o   -c /usr/share/cmake-3.10/Modules/CheckFunctionExists.c
Linking C executable cmTC_62199
/usr/bin/cmake -E cmake_link_script CMakeFiles/cmTC_62199.dir/link.txt --verbose=1
/usr/bin/cc  -DCHECK_FUNCTION_EXISTS=pthread_create    -rdynamic CMakeFiles/cmTC_62199.dir/CheckFunctionExists.c.o  -o cmTC_62199 -lpthreads 
/usr/bin/ld: cannot find -lpthreads
collect2: error: ld returned 1 exit status
CMakeFiles/cmTC_62199.dir/build.make:97: recipe for target 'cmTC_62199' failed
make[1]: *** [cmTC_62199] Error 1
make[1]: Leaving directory '/home/ros/agile_x/build/multi_jackal_nav/CMakeFiles/CMakeTmp'
Makefile:126: recipe for target 'cmTC_62199/fast' failed
make: *** [cmTC_62199/fast] Error 2


