Determining if the pthread_create exist failed with the following output:
Change Dir: /home/ros/agile_x/build/scout_description/CMakeFiles/CMakeTmp

Run Build Command:"/usr/bin/make" "cmTC_4d281/fast"
/usr/bin/make -f CMakeFiles/cmTC_4d281.dir/build.make CMakeFiles/cmTC_4d281.dir/build
make[1]: Entering directory '/home/ros/agile_x/build/scout_description/CMakeFiles/CMakeTmp'
Building C object CMakeFiles/cmTC_4d281.dir/CheckSymbolExists.c.o
/usr/bin/cc    -o CMakeFiles/cmTC_4d281.dir/CheckSymbolExists.c.o   -c /home/ros/agile_x/build/scout_description/CMakeFiles/CMakeTmp/CheckSymbolExists.c
Linking C executable cmTC_4d281
/usr/bin/cmake -E cmake_link_script CMakeFiles/cmTC_4d281.dir/link.txt --verbose=1
/usr/bin/cc      -rdynamic CMakeFiles/cmTC_4d281.dir/CheckSymbolExists.c.o  -o cmTC_4d281 
CMakeFiles/cmTC_4d281.dir/CheckSymbolExists.c.o: In function `main':
CheckSymbolExists.c:(.text+0x1b): undefined reference to `pthread_create'
collect2: error: ld returned 1 exit status
CMakeFiles/cmTC_4d281.dir/build.make:97: recipe for target 'cmTC_4d281' failed
make[1]: *** [cmTC_4d281] Error 1
make[1]: Leaving directory '/home/ros/agile_x/build/scout_description/CMakeFiles/CMakeTmp'
Makefile:126: recipe for target 'cmTC_4d281/fast' failed
make: *** [cmTC_4d281/fast] Error 2

File /home/ros/agile_x/build/scout_description/CMakeFiles/CMakeTmp/CheckSymbolExists.c:
/* */
#include <pthread.h>

int main(int argc, char** argv)
{
  (void)argv;
#ifndef pthread_create
  return ((int*)(&pthread_create))[argc];
#else
  (void)argc;
  return 0;
#endif
}

Determining if the function pthread_create exists in the pthreads failed with the following output:
Change Dir: /home/ros/agile_x/build/scout_description/CMakeFiles/CMakeTmp

Run Build Command:"/usr/bin/make" "cmTC_13eaa/fast"
/usr/bin/make -f CMakeFiles/cmTC_13eaa.dir/build.make CMakeFiles/cmTC_13eaa.dir/build
make[1]: Entering directory '/home/ros/agile_x/build/scout_description/CMakeFiles/CMakeTmp'
Building C object CMakeFiles/cmTC_13eaa.dir/CheckFunctionExists.c.o
/usr/bin/cc   -DCHECK_FUNCTION_EXISTS=pthread_create   -o CMakeFiles/cmTC_13eaa.dir/CheckFunctionExists.c.o   -c /usr/share/cmake-3.10/Modules/CheckFunctionExists.c
Linking C executable cmTC_13eaa
/usr/bin/cmake -E cmake_link_script CMakeFiles/cmTC_13eaa.dir/link.txt --verbose=1
/usr/bin/cc  -DCHECK_FUNCTION_EXISTS=pthread_create    -rdynamic CMakeFiles/cmTC_13eaa.dir/CheckFunctionExists.c.o  -o cmTC_13eaa -lpthreads 
/usr/bin/ld: cannot find -lpthreads
collect2: error: ld returned 1 exit status
CMakeFiles/cmTC_13eaa.dir/build.make:97: recipe for target 'cmTC_13eaa' failed
make[1]: *** [cmTC_13eaa] Error 1
make[1]: Leaving directory '/home/ros/agile_x/build/scout_description/CMakeFiles/CMakeTmp'
Makefile:126: recipe for target 'cmTC_13eaa/fast' failed
make: *** [cmTC_13eaa/fast] Error 2


