Linked: (/home/ros/agile_x/devel/.private/snapstack_msgs/include/snapstack_msgs/ControlLog.h, /home/ros/agile_x/devel/include/snapstack_msgs/ControlLog.h)
Linked: (/home/ros/agile_x/devel/.private/snapstack_msgs/include/snapstack_msgs/QuadFlightMode.h, /home/ros/agile_x/devel/include/snapstack_msgs/QuadFlightMode.h)
Linked: (/home/ros/agile_x/devel/.private/snapstack_msgs/include/snapstack_msgs/Motors.h, /home/ros/agile_x/devel/include/snapstack_msgs/Motors.h)
Linked: (/home/ros/agile_x/devel/.private/snapstack_msgs/include/snapstack_msgs/AttitudeCommand.h, /home/ros/agile_x/devel/include/snapstack_msgs/AttitudeCommand.h)
Linked: (/home/ros/agile_x/devel/.private/snapstack_msgs/include/snapstack_msgs/IMU.h, /home/ros/agile_x/devel/include/snapstack_msgs/IMU.h)
Linked: (/home/ros/agile_x/devel/.private/snapstack_msgs/include/snapstack_msgs/State.h, /home/ros/agile_x/devel/include/snapstack_msgs/State.h)
Linked: (/home/ros/agile_x/devel/.private/snapstack_msgs/include/snapstack_msgs/CommAge.h, /home/ros/agile_x/devel/include/snapstack_msgs/CommAge.h)
Linked: (/home/ros/agile_x/devel/.private/snapstack_msgs/include/snapstack_msgs/Goal.h, /home/ros/agile_x/devel/include/snapstack_msgs/Goal.h)
Linked: (/home/ros/agile_x/devel/.private/snapstack_msgs/include/snapstack_msgs/SMCData.h, /home/ros/agile_x/devel/include/snapstack_msgs/SMCData.h)
Linked: (/home/ros/agile_x/devel/.private/snapstack_msgs/share/roseus/ros/snapstack_msgs/manifest.l, /home/ros/agile_x/devel/share/roseus/ros/snapstack_msgs/manifest.l)
Linked: (/home/ros/agile_x/devel/.private/snapstack_msgs/share/roseus/ros/snapstack_msgs/msg/QuadFlightMode.l, /home/ros/agile_x/devel/share/roseus/ros/snapstack_msgs/msg/QuadFlightMode.l)
Linked: (/home/ros/agile_x/devel/.private/snapstack_msgs/share/roseus/ros/snapstack_msgs/msg/Motors.l, /home/ros/agile_x/devel/share/roseus/ros/snapstack_msgs/msg/Motors.l)
Linked: (/home/ros/agile_x/devel/.private/snapstack_msgs/share/roseus/ros/snapstack_msgs/msg/CommAge.l, /home/ros/agile_x/devel/share/roseus/ros/snapstack_msgs/msg/CommAge.l)
Linked: (/home/ros/agile_x/devel/.private/snapstack_msgs/share/roseus/ros/snapstack_msgs/msg/AttitudeCommand.l, /home/ros/agile_x/devel/share/roseus/ros/snapstack_msgs/msg/AttitudeCommand.l)
Linked: (/home/ros/agile_x/devel/.private/snapstack_msgs/share/roseus/ros/snapstack_msgs/msg/State.l, /home/ros/agile_x/devel/share/roseus/ros/snapstack_msgs/msg/State.l)
Linked: (/home/ros/agile_x/devel/.private/snapstack_msgs/share/roseus/ros/snapstack_msgs/msg/ControlLog.l, /home/ros/agile_x/devel/share/roseus/ros/snapstack_msgs/msg/ControlLog.l)
Linked: (/home/ros/agile_x/devel/.private/snapstack_msgs/share/roseus/ros/snapstack_msgs/msg/Goal.l, /home/ros/agile_x/devel/share/roseus/ros/snapstack_msgs/msg/Goal.l)
Linked: (/home/ros/agile_x/devel/.private/snapstack_msgs/share/roseus/ros/snapstack_msgs/msg/SMCData.l, /home/ros/agile_x/devel/share/roseus/ros/snapstack_msgs/msg/SMCData.l)
Linked: (/home/ros/agile_x/devel/.private/snapstack_msgs/share/roseus/ros/snapstack_msgs/msg/IMU.l, /home/ros/agile_x/devel/share/roseus/ros/snapstack_msgs/msg/IMU.l)
Linked: (/home/ros/agile_x/devel/.private/snapstack_msgs/share/snapstack_msgs/cmake/snapstack_msgsConfig-version.cmake, /home/ros/agile_x/devel/share/snapstack_msgs/cmake/snapstack_msgsConfig-version.cmake)
Linked: (/home/ros/agile_x/devel/.private/snapstack_msgs/share/snapstack_msgs/cmake/snapstack_msgs-msg-extras.cmake, /home/ros/agile_x/devel/share/snapstack_msgs/cmake/snapstack_msgs-msg-extras.cmake)
Linked: (/home/ros/agile_x/devel/.private/snapstack_msgs/share/snapstack_msgs/cmake/snapstack_msgsConfig.cmake, /home/ros/agile_x/devel/share/snapstack_msgs/cmake/snapstack_msgsConfig.cmake)
Linked: (/home/ros/agile_x/devel/.private/snapstack_msgs/share/snapstack_msgs/cmake/snapstack_msgs-msg-paths.cmake, /home/ros/agile_x/devel/share/snapstack_msgs/cmake/snapstack_msgs-msg-paths.cmake)
Linked: (/home/ros/agile_x/devel/.private/snapstack_msgs/share/common-lisp/ros/snapstack_msgs/msg/_package_IMU.lisp, /home/ros/agile_x/devel/share/common-lisp/ros/snapstack_msgs/msg/_package_IMU.lisp)
Linked: (/home/ros/agile_x/devel/.private/snapstack_msgs/share/common-lisp/ros/snapstack_msgs/msg/State.lisp, /home/ros/agile_x/devel/share/common-lisp/ros/snapstack_msgs/msg/State.lisp)
Linked: (/home/ros/agile_x/devel/.private/snapstack_msgs/share/common-lisp/ros/snapstack_msgs/msg/_package_SMCData.lisp, /home/ros/agile_x/devel/share/common-lisp/ros/snapstack_msgs/msg/_package_SMCData.lisp)
Linked: (/home/ros/agile_x/devel/.private/snapstack_msgs/share/common-lisp/ros/snapstack_msgs/msg/Motors.lisp, /home/ros/agile_x/devel/share/common-lisp/ros/snapstack_msgs/msg/Motors.lisp)
Linked: (/home/ros/agile_x/devel/.private/snapstack_msgs/share/common-lisp/ros/snapstack_msgs/msg/snapstack_msgs-msg.asd, /home/ros/agile_x/devel/share/common-lisp/ros/snapstack_msgs/msg/snapstack_msgs-msg.asd)
Linked: (/home/ros/agile_x/devel/.private/snapstack_msgs/share/common-lisp/ros/snapstack_msgs/msg/_package_AttitudeCommand.lisp, /home/ros/agile_x/devel/share/common-lisp/ros/snapstack_msgs/msg/_package_AttitudeCommand.lisp)
Linked: (/home/ros/agile_x/devel/.private/snapstack_msgs/share/common-lisp/ros/snapstack_msgs/msg/_package_State.lisp, /home/ros/agile_x/devel/share/common-lisp/ros/snapstack_msgs/msg/_package_State.lisp)
Linked: (/home/ros/agile_x/devel/.private/snapstack_msgs/share/common-lisp/ros/snapstack_msgs/msg/_package_CommAge.lisp, /home/ros/agile_x/devel/share/common-lisp/ros/snapstack_msgs/msg/_package_CommAge.lisp)
Linked: (/home/ros/agile_x/devel/.private/snapstack_msgs/share/common-lisp/ros/snapstack_msgs/msg/_package_QuadFlightMode.lisp, /home/ros/agile_x/devel/share/common-lisp/ros/snapstack_msgs/msg/_package_QuadFlightMode.lisp)
Linked: (/home/ros/agile_x/devel/.private/snapstack_msgs/share/common-lisp/ros/snapstack_msgs/msg/_package_Motors.lisp, /home/ros/agile_x/devel/share/common-lisp/ros/snapstack_msgs/msg/_package_Motors.lisp)
Linked: (/home/ros/agile_x/devel/.private/snapstack_msgs/share/common-lisp/ros/snapstack_msgs/msg/ControlLog.lisp, /home/ros/agile_x/devel/share/common-lisp/ros/snapstack_msgs/msg/ControlLog.lisp)
Linked: (/home/ros/agile_x/devel/.private/snapstack_msgs/share/common-lisp/ros/snapstack_msgs/msg/_package_Goal.lisp, /home/ros/agile_x/devel/share/common-lisp/ros/snapstack_msgs/msg/_package_Goal.lisp)
Linked: (/home/ros/agile_x/devel/.private/snapstack_msgs/share/common-lisp/ros/snapstack_msgs/msg/_package.lisp, /home/ros/agile_x/devel/share/common-lisp/ros/snapstack_msgs/msg/_package.lisp)
Linked: (/home/ros/agile_x/devel/.private/snapstack_msgs/share/common-lisp/ros/snapstack_msgs/msg/SMCData.lisp, /home/ros/agile_x/devel/share/common-lisp/ros/snapstack_msgs/msg/SMCData.lisp)
Linked: (/home/ros/agile_x/devel/.private/snapstack_msgs/share/common-lisp/ros/snapstack_msgs/msg/QuadFlightMode.lisp, /home/ros/agile_x/devel/share/common-lisp/ros/snapstack_msgs/msg/QuadFlightMode.lisp)
Linked: (/home/ros/agile_x/devel/.private/snapstack_msgs/share/common-lisp/ros/snapstack_msgs/msg/IMU.lisp, /home/ros/agile_x/devel/share/common-lisp/ros/snapstack_msgs/msg/IMU.lisp)
Linked: (/home/ros/agile_x/devel/.private/snapstack_msgs/share/common-lisp/ros/snapstack_msgs/msg/_package_ControlLog.lisp, /home/ros/agile_x/devel/share/common-lisp/ros/snapstack_msgs/msg/_package_ControlLog.lisp)
Linked: (/home/ros/agile_x/devel/.private/snapstack_msgs/share/common-lisp/ros/snapstack_msgs/msg/AttitudeCommand.lisp, /home/ros/agile_x/devel/share/common-lisp/ros/snapstack_msgs/msg/AttitudeCommand.lisp)
Linked: (/home/ros/agile_x/devel/.private/snapstack_msgs/share/common-lisp/ros/snapstack_msgs/msg/CommAge.lisp, /home/ros/agile_x/devel/share/common-lisp/ros/snapstack_msgs/msg/CommAge.lisp)
Linked: (/home/ros/agile_x/devel/.private/snapstack_msgs/share/common-lisp/ros/snapstack_msgs/msg/Goal.lisp, /home/ros/agile_x/devel/share/common-lisp/ros/snapstack_msgs/msg/Goal.lisp)
Linked: (/home/ros/agile_x/devel/.private/snapstack_msgs/share/gennodejs/ros/snapstack_msgs/_index.js, /home/ros/agile_x/devel/share/gennodejs/ros/snapstack_msgs/_index.js)
Linked: (/home/ros/agile_x/devel/.private/snapstack_msgs/share/gennodejs/ros/snapstack_msgs/msg/_index.js, /home/ros/agile_x/devel/share/gennodejs/ros/snapstack_msgs/msg/_index.js)
Linked: (/home/ros/agile_x/devel/.private/snapstack_msgs/share/gennodejs/ros/snapstack_msgs/msg/State.js, /home/ros/agile_x/devel/share/gennodejs/ros/snapstack_msgs/msg/State.js)
Linked: (/home/ros/agile_x/devel/.private/snapstack_msgs/share/gennodejs/ros/snapstack_msgs/msg/Motors.js, /home/ros/agile_x/devel/share/gennodejs/ros/snapstack_msgs/msg/Motors.js)
Linked: (/home/ros/agile_x/devel/.private/snapstack_msgs/share/gennodejs/ros/snapstack_msgs/msg/CommAge.js, /home/ros/agile_x/devel/share/gennodejs/ros/snapstack_msgs/msg/CommAge.js)
Linked: (/home/ros/agile_x/devel/.private/snapstack_msgs/share/gennodejs/ros/snapstack_msgs/msg/SMCData.js, /home/ros/agile_x/devel/share/gennodejs/ros/snapstack_msgs/msg/SMCData.js)
Linked: (/home/ros/agile_x/devel/.private/snapstack_msgs/share/gennodejs/ros/snapstack_msgs/msg/ControlLog.js, /home/ros/agile_x/devel/share/gennodejs/ros/snapstack_msgs/msg/ControlLog.js)
Linked: (/home/ros/agile_x/devel/.private/snapstack_msgs/share/gennodejs/ros/snapstack_msgs/msg/AttitudeCommand.js, /home/ros/agile_x/devel/share/gennodejs/ros/snapstack_msgs/msg/AttitudeCommand.js)
Linked: (/home/ros/agile_x/devel/.private/snapstack_msgs/share/gennodejs/ros/snapstack_msgs/msg/IMU.js, /home/ros/agile_x/devel/share/gennodejs/ros/snapstack_msgs/msg/IMU.js)
Linked: (/home/ros/agile_x/devel/.private/snapstack_msgs/share/gennodejs/ros/snapstack_msgs/msg/QuadFlightMode.js, /home/ros/agile_x/devel/share/gennodejs/ros/snapstack_msgs/msg/QuadFlightMode.js)
Linked: (/home/ros/agile_x/devel/.private/snapstack_msgs/share/gennodejs/ros/snapstack_msgs/msg/Goal.js, /home/ros/agile_x/devel/share/gennodejs/ros/snapstack_msgs/msg/Goal.js)
Linked: (/home/ros/agile_x/devel/.private/snapstack_msgs/lib/python2.7/dist-packages/snapstack_msgs/__init__.py, /home/ros/agile_x/devel/lib/python2.7/dist-packages/snapstack_msgs/__init__.py)
Linked: (/home/ros/agile_x/devel/.private/snapstack_msgs/lib/python2.7/dist-packages/snapstack_msgs/msg/_State.py, /home/ros/agile_x/devel/lib/python2.7/dist-packages/snapstack_msgs/msg/_State.py)
Linked: (/home/ros/agile_x/devel/.private/snapstack_msgs/lib/python2.7/dist-packages/snapstack_msgs/msg/_ControlLog.py, /home/ros/agile_x/devel/lib/python2.7/dist-packages/snapstack_msgs/msg/_ControlLog.py)
Linked: (/home/ros/agile_x/devel/.private/snapstack_msgs/lib/python2.7/dist-packages/snapstack_msgs/msg/_QuadFlightMode.py, /home/ros/agile_x/devel/lib/python2.7/dist-packages/snapstack_msgs/msg/_QuadFlightMode.py)
Linked: (/home/ros/agile_x/devel/.private/snapstack_msgs/lib/python2.7/dist-packages/snapstack_msgs/msg/_Motors.py, /home/ros/agile_x/devel/lib/python2.7/dist-packages/snapstack_msgs/msg/_Motors.py)
Linked: (/home/ros/agile_x/devel/.private/snapstack_msgs/lib/python2.7/dist-packages/snapstack_msgs/msg/__init__.py, /home/ros/agile_x/devel/lib/python2.7/dist-packages/snapstack_msgs/msg/__init__.py)
Linked: (/home/ros/agile_x/devel/.private/snapstack_msgs/lib/python2.7/dist-packages/snapstack_msgs/msg/_AttitudeCommand.py, /home/ros/agile_x/devel/lib/python2.7/dist-packages/snapstack_msgs/msg/_AttitudeCommand.py)
Linked: (/home/ros/agile_x/devel/.private/snapstack_msgs/lib/python2.7/dist-packages/snapstack_msgs/msg/_Goal.py, /home/ros/agile_x/devel/lib/python2.7/dist-packages/snapstack_msgs/msg/_Goal.py)
Linked: (/home/ros/agile_x/devel/.private/snapstack_msgs/lib/python2.7/dist-packages/snapstack_msgs/msg/_CommAge.py, /home/ros/agile_x/devel/lib/python2.7/dist-packages/snapstack_msgs/msg/_CommAge.py)
Linked: (/home/ros/agile_x/devel/.private/snapstack_msgs/lib/python2.7/dist-packages/snapstack_msgs/msg/_IMU.py, /home/ros/agile_x/devel/lib/python2.7/dist-packages/snapstack_msgs/msg/_IMU.py)
Linked: (/home/ros/agile_x/devel/.private/snapstack_msgs/lib/python2.7/dist-packages/snapstack_msgs/msg/_SMCData.py, /home/ros/agile_x/devel/lib/python2.7/dist-packages/snapstack_msgs/msg/_SMCData.py)
Linked: (/home/ros/agile_x/devel/.private/snapstack_msgs/lib/pkgconfig/snapstack_msgs.pc, /home/ros/agile_x/devel/lib/pkgconfig/snapstack_msgs.pc)
