[  0%] Built target _snapstack_msgs_generate_messages_check_deps_SMCData
[  0%] Built target _snapstack_msgs_generate_messages_check_deps_ControlLog
[  0%] Built target _snapstack_msgs_generate_messages_check_deps_IMU
[  0%] Built target std_msgs_generate_messages_nodejs
[  0%] Built target nav_msgs_generate_messages_nodejs
[  0%] Built target _snapstack_msgs_generate_messages_check_deps_Motors
[  0%] Built target _snapstack_msgs_generate_messages_check_deps_Goal
[  0%] Built target geometry_msgs_generate_messages_nodejs
[  0%] Built target _snapstack_msgs_generate_messages_check_deps_QuadFlightMode
[  0%] Built target _snapstack_msgs_generate_messages_check_deps_State
[  0%] Built target _snapstack_msgs_generate_messages_check_deps_AttitudeCommand
[  0%] Built target geometry_msgs_generate_messages_eus
[  0%] Built target std_msgs_generate_messages_eus
[  0%] Built target _snapstack_msgs_generate_messages_check_deps_CommAge
[  0%] Built target std_msgs_generate_messages_lisp
[  0%] Built target nav_msgs_generate_messages_eus
[  0%] Built target geometry_msgs_generate_messages_lisp
[  0%] Built target std_msgs_generate_messages_cpp
[  0%] Built target nav_msgs_generate_messages_lisp
[  0%] Built target geometry_msgs_generate_messages_cpp
[  0%] Built target nav_msgs_generate_messages_cpp
[  0%] Built target geometry_msgs_generate_messages_py
[  0%] Built target std_msgs_generate_messages_py
[  0%] Built target nav_msgs_generate_messages_py
[ 21%] Built target snapstack_msgs_generate_messages_nodejs
[ 40%] Built target snapstack_msgs_generate_messages_lisp
[ 59%] Built target snapstack_msgs_generate_messages_eus
[ 78%] Built target snapstack_msgs_generate_messages_cpp
[100%] Built target snapstack_msgs_generate_messages_py
[100%] Built target snapstack_msgs_generate_messages
