Determining if the pthread_create exist failed with the following output:
Change Dir: /home/ros/agile_x/build/fla_msgs/CMakeFiles/CMakeTmp

Run Build Command:"/usr/bin/make" "cmTC_36d87/fast"
/usr/bin/make -f CMakeFiles/cmTC_36d87.dir/build.make CMakeFiles/cmTC_36d87.dir/build
make[1]: Entering directory '/home/ros/agile_x/build/fla_msgs/CMakeFiles/CMakeTmp'
Building C object CMakeFiles/cmTC_36d87.dir/CheckSymbolExists.c.o
/usr/bin/cc    -o CMakeFiles/cmTC_36d87.dir/CheckSymbolExists.c.o   -c /home/ros/agile_x/build/fla_msgs/CMakeFiles/CMakeTmp/CheckSymbolExists.c
Linking C executable cmTC_36d87
/usr/bin/cmake -E cmake_link_script CMakeFiles/cmTC_36d87.dir/link.txt --verbose=1
/usr/bin/cc      -rdynamic CMakeFiles/cmTC_36d87.dir/CheckSymbolExists.c.o  -o cmTC_36d87 
CMakeFiles/cmTC_36d87.dir/CheckSymbolExists.c.o: In function `main':
CheckSymbolExists.c:(.text+0x1b): undefined reference to `pthread_create'
collect2: error: ld returned 1 exit status
CMakeFiles/cmTC_36d87.dir/build.make:97: recipe for target 'cmTC_36d87' failed
make[1]: *** [cmTC_36d87] Error 1
make[1]: Leaving directory '/home/ros/agile_x/build/fla_msgs/CMakeFiles/CMakeTmp'
Makefile:126: recipe for target 'cmTC_36d87/fast' failed
make: *** [cmTC_36d87/fast] Error 2

File /home/ros/agile_x/build/fla_msgs/CMakeFiles/CMakeTmp/CheckSymbolExists.c:
/* */
#include <pthread.h>

int main(int argc, char** argv)
{
  (void)argv;
#ifndef pthread_create
  return ((int*)(&pthread_create))[argc];
#else
  (void)argc;
  return 0;
#endif
}

Determining if the function pthread_create exists in the pthreads failed with the following output:
Change Dir: /home/ros/agile_x/build/fla_msgs/CMakeFiles/CMakeTmp

Run Build Command:"/usr/bin/make" "cmTC_e1326/fast"
/usr/bin/make -f CMakeFiles/cmTC_e1326.dir/build.make CMakeFiles/cmTC_e1326.dir/build
make[1]: Entering directory '/home/ros/agile_x/build/fla_msgs/CMakeFiles/CMakeTmp'
Building C object CMakeFiles/cmTC_e1326.dir/CheckFunctionExists.c.o
/usr/bin/cc   -DCHECK_FUNCTION_EXISTS=pthread_create   -o CMakeFiles/cmTC_e1326.dir/CheckFunctionExists.c.o   -c /usr/share/cmake-3.10/Modules/CheckFunctionExists.c
Linking C executable cmTC_e1326
/usr/bin/cmake -E cmake_link_script CMakeFiles/cmTC_e1326.dir/link.txt --verbose=1
/usr/bin/cc  -DCHECK_FUNCTION_EXISTS=pthread_create    -rdynamic CMakeFiles/cmTC_e1326.dir/CheckFunctionExists.c.o  -o cmTC_e1326 -lpthreads 
/usr/bin/ld: cannot find -lpthreads
collect2: error: ld returned 1 exit status
CMakeFiles/cmTC_e1326.dir/build.make:97: recipe for target 'cmTC_e1326' failed
make[1]: *** [cmTC_e1326] Error 1
make[1]: Leaving directory '/home/ros/agile_x/build/fla_msgs/CMakeFiles/CMakeTmp'
Makefile:126: recipe for target 'cmTC_e1326/fast' failed
make: *** [cmTC_e1326/fast] Error 2


