Linked: (/home/ros/agile_x/devel/.private/behavior_selector/include/behavior_selector/MissionModeChangeResponse.h, /home/ros/agile_x/devel/include/behavior_selector/MissionModeChangeResponse.h)
Linked: (/home/ros/agile_x/devel/.private/behavior_selector/include/behavior_selector/MissionModeChangeRequest.h, /home/ros/agile_x/devel/include/behavior_selector/MissionModeChangeRequest.h)
Linked: (/home/ros/agile_x/devel/.private/behavior_selector/include/behavior_selector/MissionModeChange.h, /home/ros/agile_x/devel/include/behavior_selector/MissionModeChange.h)
Linked: (/home/ros/agile_x/devel/.private/behavior_selector/share/behavior_selector/cmake/behavior_selectorConfig.cmake, /home/ros/agile_x/devel/share/behavior_selector/cmake/behavior_selectorConfig.cmake)
Linked: (/home/ros/agile_x/devel/.private/behavior_selector/share/behavior_selector/cmake/behavior_selector-msg-extras.cmake, /home/ros/agile_x/devel/share/behavior_selector/cmake/behavior_selector-msg-extras.cmake)
Linked: (/home/ros/agile_x/devel/.private/behavior_selector/share/behavior_selector/cmake/behavior_selectorConfig-version.cmake, /home/ros/agile_x/devel/share/behavior_selector/cmake/behavior_selectorConfig-version.cmake)
Linked: (/home/ros/agile_x/devel/.private/behavior_selector/share/behavior_selector/cmake/behavior_selector-msg-paths.cmake, /home/ros/agile_x/devel/share/behavior_selector/cmake/behavior_selector-msg-paths.cmake)
Linked: (/home/ros/agile_x/devel/.private/behavior_selector/share/roseus/ros/behavior_selector/manifest.l, /home/ros/agile_x/devel/share/roseus/ros/behavior_selector/manifest.l)
Linked: (/home/ros/agile_x/devel/.private/behavior_selector/share/roseus/ros/behavior_selector/srv/MissionModeChange.l, /home/ros/agile_x/devel/share/roseus/ros/behavior_selector/srv/MissionModeChange.l)
Linked: (/home/ros/agile_x/devel/.private/behavior_selector/share/common-lisp/ros/behavior_selector/srv/MissionModeChange.lisp, /home/ros/agile_x/devel/share/common-lisp/ros/behavior_selector/srv/MissionModeChange.lisp)
Linked: (/home/ros/agile_x/devel/.private/behavior_selector/share/common-lisp/ros/behavior_selector/srv/_package.lisp, /home/ros/agile_x/devel/share/common-lisp/ros/behavior_selector/srv/_package.lisp)
Linked: (/home/ros/agile_x/devel/.private/behavior_selector/share/common-lisp/ros/behavior_selector/srv/behavior_selector-srv.asd, /home/ros/agile_x/devel/share/common-lisp/ros/behavior_selector/srv/behavior_selector-srv.asd)
Linked: (/home/ros/agile_x/devel/.private/behavior_selector/share/common-lisp/ros/behavior_selector/srv/_package_MissionModeChange.lisp, /home/ros/agile_x/devel/share/common-lisp/ros/behavior_selector/srv/_package_MissionModeChange.lisp)
Linked: (/home/ros/agile_x/devel/.private/behavior_selector/share/gennodejs/ros/behavior_selector/_index.js, /home/ros/agile_x/devel/share/gennodejs/ros/behavior_selector/_index.js)
Linked: (/home/ros/agile_x/devel/.private/behavior_selector/share/gennodejs/ros/behavior_selector/srv/_index.js, /home/ros/agile_x/devel/share/gennodejs/ros/behavior_selector/srv/_index.js)
Linked: (/home/ros/agile_x/devel/.private/behavior_selector/share/gennodejs/ros/behavior_selector/srv/MissionModeChange.js, /home/ros/agile_x/devel/share/gennodejs/ros/behavior_selector/srv/MissionModeChange.js)
Linked: (/home/ros/agile_x/devel/.private/behavior_selector/lib/python2.7/dist-packages/behavior_selector/__init__.py, /home/ros/agile_x/devel/lib/python2.7/dist-packages/behavior_selector/__init__.py)
Linked: (/home/ros/agile_x/devel/.private/behavior_selector/lib/python2.7/dist-packages/behavior_selector/srv/_MissionModeChange.py, /home/ros/agile_x/devel/lib/python2.7/dist-packages/behavior_selector/srv/_MissionModeChange.py)
Linked: (/home/ros/agile_x/devel/.private/behavior_selector/lib/python2.7/dist-packages/behavior_selector/srv/__init__.py, /home/ros/agile_x/devel/lib/python2.7/dist-packages/behavior_selector/srv/__init__.py)
Linked: (/home/ros/agile_x/devel/.private/behavior_selector/lib/pkgconfig/behavior_selector.pc, /home/ros/agile_x/devel/lib/pkgconfig/behavior_selector.pc)
